::ffff:127.0.0.1 - - [29/Mar/2023:09:50:29 +0000] "POST /api/auth/login HTTP/1.1" 500 20 "http://localhost:3000/" "Mozilla/5.0 (Windows NT 10.0; Win64; x64; rv:109.0) Gecko/20100101 Firefox/112.0"
::1 - - [29/Mar/2023:09:51:45 +0000] "GET /api/products HTTP/1.1" 304 - "http://localhost:3000/" "Mozilla/5.0 (Windows NT 10.0; Win64; x64; rv:109.0) Gecko/20100101 Firefox/112.0"
::1 - - [29/Mar/2023:09:51:45 +0000] "GET /api/products/find/6420a50c4f293dab25085524 HTTP/1.1" 304 - "http://localhost:3000/" "Mozilla/5.0 (Windows NT 10.0; Win64; x64; rv:109.0) Gecko/20100101 Firefox/112.0"
::1 - - [29/Mar/2023:09:51:45 +0000] "GET /api/products/find/6420a50c4f293dab25085525 HTTP/1.1" 304 - "http://localhost:3000/" "Mozilla/5.0 (Windows NT 10.0; Win64; x64; rv:109.0) Gecko/20100101 Firefox/112.0"
::1 - - [29/Mar/2023:09:51:45 +0000] "GET /api/products/find/6420a50c4f293dab25085526 HTTP/1.1" 304 - "http://localhost:3000/" "Mozilla/5.0 (Windows NT 10.0; Win64; x64; rv:109.0) Gecko/20100101 Firefox/112.0"
::1 - - [29/Mar/2023:09:51:45 +0000] "GET /api/products/find/6420a50c4f293dab25085527 HTTP/1.1" 304 - "http://localhost:3000/" "Mozilla/5.0 (Windows NT 10.0; Win64; x64; rv:109.0) Gecko/20100101 Firefox/112.0"
::1 - - [29/Mar/2023:09:51:45 +0000] "GET /api/products/find/6420a50c4f293dab25085528 HTTP/1.1" 304 - "http://localhost:3000/" "Mozilla/5.0 (Windows NT 10.0; Win64; x64; rv:109.0) Gecko/20100101 Firefox/112.0"
::1 - - [29/Mar/2023:09:51:45 +0000] "GET /api/products/find/6420a50c4f293dab25085529 HTTP/1.1" 304 - "http://localhost:3000/" "Mozilla/5.0 (Windows NT 10.0; Win64; x64; rv:109.0) Gecko/20100101 Firefox/112.0"
::1 - - [29/Mar/2023:09:51:45 +0000] "GET /api/products/find/6420a50c4f293dab2508552b HTTP/1.1" 304 - "http://localhost:3000/" "Mozilla/5.0 (Windows NT 10.0; Win64; x64; rv:109.0) Gecko/20100101 Firefox/112.0"
::1 - - [29/Mar/2023:09:51:45 +0000] "GET /api/products/find/6420a50c4f293dab2508552a HTTP/1.1" 304 - "http://localhost:3000/" "Mozilla/5.0 (Windows NT 10.0; Win64; x64; rv:109.0) Gecko/20100101 Firefox/112.0"
::1 - - [29/Mar/2023:09:51:45 +0000] "GET /api/products/find/6420a50c4f293dab2508552c HTTP/1.1" 304 - "http://localhost:3000/" "Mozilla/5.0 (Windows NT 10.0; Win64; x64; rv:109.0) Gecko/20100101 Firefox/112.0"
::1 - - [29/Mar/2023:09:51:45 +0000] "GET /api/products/find/6420a50c4f293dab2508552d HTTP/1.1" 304 - "http://localhost:3000/" "Mozilla/5.0 (Windows NT 10.0; Win64; x64; rv:109.0) Gecko/20100101 Firefox/112.0"
::1 - - [29/Mar/2023:09:51:45 +0000] "GET /api/products/find/6420a50c4f293dab2508552e HTTP/1.1" 304 - "http://localhost:3000/" "Mozilla/5.0 (Windows NT 10.0; Win64; x64; rv:109.0) Gecko/20100101 Firefox/112.0"
::1 - - [29/Mar/2023:09:51:45 +0000] "GET /api/products/find/6420a50c4f293dab2508552f HTTP/1.1" 304 - "http://localhost:3000/" "Mozilla/5.0 (Windows NT 10.0; Win64; x64; rv:109.0) Gecko/20100101 Firefox/112.0"
::1 - - [29/Mar/2023:09:51:45 +0000] "GET /api/products/find/6420a50c4f293dab25085530 HTTP/1.1" 304 - "http://localhost:3000/" "Mozilla/5.0 (Windows NT 10.0; Win64; x64; rv:109.0) Gecko/20100101 Firefox/112.0"
::1 - - [29/Mar/2023:09:51:45 +0000] "GET /api/products/find/6420a50c4f293dab25085531 HTTP/1.1" 304 - "http://localhost:3000/" "Mozilla/5.0 (Windows NT 10.0; Win64; x64; rv:109.0) Gecko/20100101 Firefox/112.0"
::1 - - [29/Mar/2023:09:51:45 +0000] "GET /api/products/find/6420a50c4f293dab25085532 HTTP/1.1" 304 - "http://localhost:3000/" "Mozilla/5.0 (Windows NT 10.0; Win64; x64; rv:109.0) Gecko/20100101 Firefox/112.0"
::1 - - [29/Mar/2023:09:51:45 +0000] "GET /api/products/find/6420a50c4f293dab25085533 HTTP/1.1" 304 - "http://localhost:3000/" "Mozilla/5.0 (Windows NT 10.0; Win64; x64; rv:109.0) Gecko/20100101 Firefox/112.0"
::1 - - [29/Mar/2023:09:51:45 +0000] "GET /api/products/find/6420a50c4f293dab25085534 HTTP/1.1" 304 - "http://localhost:3000/" "Mozilla/5.0 (Windows NT 10.0; Win64; x64; rv:109.0) Gecko/20100101 Firefox/112.0"
::1 - - [29/Mar/2023:09:51:45 +0000] "GET /api/products/find/6420a50c4f293dab25085535 HTTP/1.1" 304 - "http://localhost:3000/" "Mozilla/5.0 (Windows NT 10.0; Win64; x64; rv:109.0) Gecko/20100101 Firefox/112.0"
::1 - - [29/Mar/2023:09:51:45 +0000] "GET /api/products/find/6420a50c4f293dab25085536 HTTP/1.1" 304 - "http://localhost:3000/" "Mozilla/5.0 (Windows NT 10.0; Win64; x64; rv:109.0) Gecko/20100101 Firefox/112.0"
::1 - - [29/Mar/2023:09:51:45 +0000] "GET /api/products/find/6420a50c4f293dab25085537 HTTP/1.1" 304 - "http://localhost:3000/" "Mozilla/5.0 (Windows NT 10.0; Win64; x64; rv:109.0) Gecko/20100101 Firefox/112.0"
::1 - - [29/Mar/2023:09:51:45 +0000] "GET /api/products/find/6420a50c4f293dab25085538 HTTP/1.1" 304 - "http://localhost:3000/" "Mozilla/5.0 (Windows NT 10.0; Win64; x64; rv:109.0) Gecko/20100101 Firefox/112.0"
::1 - - [29/Mar/2023:09:51:45 +0000] "GET /api/products/find/6420a50c4f293dab25085539 HTTP/1.1" 304 - "http://localhost:3000/" "Mozilla/5.0 (Windows NT 10.0; Win64; x64; rv:109.0) Gecko/20100101 Firefox/112.0"
::1 - - [29/Mar/2023:09:51:45 +0000] "GET /api/products/find/6423fd2c1e247891ad14d2b6 HTTP/1.1" 304 - "http://localhost:3000/" "Mozilla/5.0 (Windows NT 10.0; Win64; x64; rv:109.0) Gecko/20100101 Firefox/112.0"
::1 - - [29/Mar/2023:09:51:51 +0000] "POST /api/auth/login HTTP/1.1" 200 407 "http://localhost:3000/" "Mozilla/5.0 (Windows NT 10.0; Win64; x64; rv:109.0) Gecko/20100101 Firefox/112.0"
::1 - - [29/Mar/2023:09:51:51 +0000] "POST /api/auth/login HTTP/1.1" 200 407 "http://localhost:3000/" "Mozilla/5.0 (Windows NT 10.0; Win64; x64; rv:109.0) Gecko/20100101 Firefox/112.0"
::1 - - [29/Mar/2023:09:51:51 +0000] "GET /api/products HTTP/1.1" 304 - "http://localhost:3000/" "Mozilla/5.0 (Windows NT 10.0; Win64; x64; rv:109.0) Gecko/20100101 Firefox/112.0"
::1 - - [29/Mar/2023:09:51:51 +0000] "GET /api/products/find/6420a50c4f293dab25085524 HTTP/1.1" 304 - "http://localhost:3000/" "Mozilla/5.0 (Windows NT 10.0; Win64; x64; rv:109.0) Gecko/20100101 Firefox/112.0"
::1 - - [29/Mar/2023:09:51:51 +0000] "GET /api/products/find/6420a50c4f293dab25085525 HTTP/1.1" 304 - "http://localhost:3000/" "Mozilla/5.0 (Windows NT 10.0; Win64; x64; rv:109.0) Gecko/20100101 Firefox/112.0"
::1 - - [29/Mar/2023:09:51:51 +0000] "GET /api/products/find/6420a50c4f293dab25085526 HTTP/1.1" 304 - "http://localhost:3000/" "Mozilla/5.0 (Windows NT 10.0; Win64; x64; rv:109.0) Gecko/20100101 Firefox/112.0"
::1 - - [29/Mar/2023:09:51:51 +0000] "GET /api/products/find/6420a50c4f293dab25085527 HTTP/1.1" 304 - "http://localhost:3000/" "Mozilla/5.0 (Windows NT 10.0; Win64; x64; rv:109.0) Gecko/20100101 Firefox/112.0"
::1 - - [29/Mar/2023:09:51:51 +0000] "GET /api/products/find/6420a50c4f293dab25085528 HTTP/1.1" 304 - "http://localhost:3000/" "Mozilla/5.0 (Windows NT 10.0; Win64; x64; rv:109.0) Gecko/20100101 Firefox/112.0"
::1 - - [29/Mar/2023:09:51:51 +0000] "GET /api/products/find/6420a50c4f293dab25085529 HTTP/1.1" 304 - "http://localhost:3000/" "Mozilla/5.0 (Windows NT 10.0; Win64; x64; rv:109.0) Gecko/20100101 Firefox/112.0"
::1 - - [29/Mar/2023:09:51:51 +0000] "GET /api/products/find/6420a50c4f293dab2508552a HTTP/1.1" 304 - "http://localhost:3000/" "Mozilla/5.0 (Windows NT 10.0; Win64; x64; rv:109.0) Gecko/20100101 Firefox/112.0"
::1 - - [29/Mar/2023:09:51:51 +0000] "GET /api/products/find/6420a50c4f293dab2508552b HTTP/1.1" 304 - "http://localhost:3000/" "Mozilla/5.0 (Windows NT 10.0; Win64; x64; rv:109.0) Gecko/20100101 Firefox/112.0"
::1 - - [29/Mar/2023:09:51:51 +0000] "GET /api/products/find/6420a50c4f293dab2508552c HTTP/1.1" 304 - "http://localhost:3000/" "Mozilla/5.0 (Windows NT 10.0; Win64; x64; rv:109.0) Gecko/20100101 Firefox/112.0"
::1 - - [29/Mar/2023:09:51:51 +0000] "GET /api/products/find/6420a50c4f293dab2508552d HTTP/1.1" 304 - "http://localhost:3000/" "Mozilla/5.0 (Windows NT 10.0; Win64; x64; rv:109.0) Gecko/20100101 Firefox/112.0"
::1 - - [29/Mar/2023:09:51:51 +0000] "GET /api/products/find/6420a50c4f293dab2508552e HTTP/1.1" 304 - "http://localhost:3000/" "Mozilla/5.0 (Windows NT 10.0; Win64; x64; rv:109.0) Gecko/20100101 Firefox/112.0"
::1 - - [29/Mar/2023:09:51:51 +0000] "GET /api/products/find/6420a50c4f293dab2508552f HTTP/1.1" 304 - "http://localhost:3000/" "Mozilla/5.0 (Windows NT 10.0; Win64; x64; rv:109.0) Gecko/20100101 Firefox/112.0"
::1 - - [29/Mar/2023:09:51:51 +0000] "GET /api/products/find/6420a50c4f293dab25085530 HTTP/1.1" 304 - "http://localhost:3000/" "Mozilla/5.0 (Windows NT 10.0; Win64; x64; rv:109.0) Gecko/20100101 Firefox/112.0"
::1 - - [29/Mar/2023:09:51:51 +0000] "GET /api/products/find/6420a50c4f293dab25085531 HTTP/1.1" 304 - "http://localhost:3000/" "Mozilla/5.0 (Windows NT 10.0; Win64; x64; rv:109.0) Gecko/20100101 Firefox/112.0"
::1 - - [29/Mar/2023:09:51:51 +0000] "GET /api/products/find/6420a50c4f293dab25085532 HTTP/1.1" 304 - "http://localhost:3000/" "Mozilla/5.0 (Windows NT 10.0; Win64; x64; rv:109.0) Gecko/20100101 Firefox/112.0"
::1 - - [29/Mar/2023:09:51:51 +0000] "GET /api/products/find/6420a50c4f293dab25085533 HTTP/1.1" 304 - "http://localhost:3000/" "Mozilla/5.0 (Windows NT 10.0; Win64; x64; rv:109.0) Gecko/20100101 Firefox/112.0"
::1 - - [29/Mar/2023:09:51:51 +0000] "GET /api/products/find/6420a50c4f293dab25085534 HTTP/1.1" 304 - "http://localhost:3000/" "Mozilla/5.0 (Windows NT 10.0; Win64; x64; rv:109.0) Gecko/20100101 Firefox/112.0"
::1 - - [29/Mar/2023:09:51:51 +0000] "GET /api/products/find/6420a50c4f293dab25085535 HTTP/1.1" 304 - "http://localhost:3000/" "Mozilla/5.0 (Windows NT 10.0; Win64; x64; rv:109.0) Gecko/20100101 Firefox/112.0"
::1 - - [29/Mar/2023:09:51:51 +0000] "GET /api/products/find/6420a50c4f293dab25085536 HTTP/1.1" 304 - "http://localhost:3000/" "Mozilla/5.0 (Windows NT 10.0; Win64; x64; rv:109.0) Gecko/20100101 Firefox/112.0"
::1 - - [29/Mar/2023:09:51:51 +0000] "GET /api/products/find/6420a50c4f293dab25085537 HTTP/1.1" 304 - "http://localhost:3000/" "Mozilla/5.0 (Windows NT 10.0; Win64; x64; rv:109.0) Gecko/20100101 Firefox/112.0"
::1 - - [29/Mar/2023:09:51:51 +0000] "GET /api/products/find/6420a50c4f293dab25085538 HTTP/1.1" 304 - "http://localhost:3000/" "Mozilla/5.0 (Windows NT 10.0; Win64; x64; rv:109.0) Gecko/20100101 Firefox/112.0"
::1 - - [29/Mar/2023:09:51:51 +0000] "GET /api/products/find/6420a50c4f293dab25085539 HTTP/1.1" 304 - "http://localhost:3000/" "Mozilla/5.0 (Windows NT 10.0; Win64; x64; rv:109.0) Gecko/20100101 Firefox/112.0"
::1 - - [29/Mar/2023:09:51:51 +0000] "GET /api/products/find/6423fd2c1e247891ad14d2b6 HTTP/1.1" 304 - "http://localhost:3000/" "Mozilla/5.0 (Windows NT 10.0; Win64; x64; rv:109.0) Gecko/20100101 Firefox/112.0"
::1 - - [29/Mar/2023:09:52:02 +0000] "GET /api/products/findCat/Vegetable HTTP/1.1" 304 - "http://localhost:3000/" "Mozilla/5.0 (Windows NT 10.0; Win64; x64; rv:109.0) Gecko/20100101 Firefox/112.0"
::1 - - [29/Mar/2023:09:52:02 +0000] "GET /api/products/find/6420a50c4f293dab25085531 HTTP/1.1" 304 - "http://localhost:3000/" "Mozilla/5.0 (Windows NT 10.0; Win64; x64; rv:109.0) Gecko/20100101 Firefox/112.0"
::1 - - [29/Mar/2023:09:52:02 +0000] "GET /api/products/find/6420a50c4f293dab25085532 HTTP/1.1" 304 - "http://localhost:3000/" "Mozilla/5.0 (Windows NT 10.0; Win64; x64; rv:109.0) Gecko/20100101 Firefox/112.0"
::1 - - [29/Mar/2023:09:52:02 +0000] "GET /api/products/find/6420a50c4f293dab25085533 HTTP/1.1" 304 - "http://localhost:3000/" "Mozilla/5.0 (Windows NT 10.0; Win64; x64; rv:109.0) Gecko/20100101 Firefox/112.0"
::1 - - [29/Mar/2023:09:52:02 +0000] "GET /api/products/find/6420a50c4f293dab25085534 HTTP/1.1" 304 - "http://localhost:3000/" "Mozilla/5.0 (Windows NT 10.0; Win64; x64; rv:109.0) Gecko/20100101 Firefox/112.0"
::1 - - [29/Mar/2023:09:52:02 +0000] "GET /api/products/find/6420a50c4f293dab25085535 HTTP/1.1" 304 - "http://localhost:3000/" "Mozilla/5.0 (Windows NT 10.0; Win64; x64; rv:109.0) Gecko/20100101 Firefox/112.0"
::1 - - [29/Mar/2023:09:52:02 +0000] "GET /api/products/find/6420a50c4f293dab25085536 HTTP/1.1" 304 - "http://localhost:3000/" "Mozilla/5.0 (Windows NT 10.0; Win64; x64; rv:109.0) Gecko/20100101 Firefox/112.0"
::1 - - [29/Mar/2023:09:52:02 +0000] "GET /api/products/find/6420a50c4f293dab25085537 HTTP/1.1" 304 - "http://localhost:3000/" "Mozilla/5.0 (Windows NT 10.0; Win64; x64; rv:109.0) Gecko/20100101 Firefox/112.0"
::1 - - [29/Mar/2023:09:52:02 +0000] "GET /api/products/find/6420a50c4f293dab25085538 HTTP/1.1" 304 - "http://localhost:3000/" "Mozilla/5.0 (Windows NT 10.0; Win64; x64; rv:109.0) Gecko/20100101 Firefox/112.0"
::1 - - [29/Mar/2023:09:52:02 +0000] "GET /api/products/find/6420a50c4f293dab25085539 HTTP/1.1" 304 - "http://localhost:3000/" "Mozilla/5.0 (Windows NT 10.0; Win64; x64; rv:109.0) Gecko/20100101 Firefox/112.0"
