::1 - - [04/Apr/2023:10:30:42 +0000] "GET /api/products HTTP/1.1" 304 - "http://localhost:3000/" "Mozilla/5.0 (Windows NT 10.0; Win64; x64; rv:109.0) Gecko/20100101 Firefox/112.0"
::1 - - [04/Apr/2023:10:30:42 +0000] "GET /api/products/find/642565b5511d371f6ef9120b HTTP/1.1" 200 252 "http://localhost:3000/" "Mozilla/5.0 (Windows NT 10.0; Win64; x64; rv:109.0) Gecko/20100101 Firefox/112.0"
::1 - - [04/Apr/2023:10:30:42 +0000] "GET /api/products/find/642565b5511d371f6ef9120c HTTP/1.1" 200 211 "http://localhost:3000/" "Mozilla/5.0 (Windows NT 10.0; Win64; x64; rv:109.0) Gecko/20100101 Firefox/112.0"
::1 - - [04/Apr/2023:10:30:42 +0000] "GET /api/products/find/642565b5511d371f6ef9120d HTTP/1.1" 200 189 "http://localhost:3000/" "Mozilla/5.0 (Windows NT 10.0; Win64; x64; rv:109.0) Gecko/20100101 Firefox/112.0"
::1 - - [04/Apr/2023:10:30:42 +0000] "GET /api/products/find/642565b5511d371f6ef9120e HTTP/1.1" 200 219 "http://localhost:3000/" "Mozilla/5.0 (Windows NT 10.0; Win64; x64; rv:109.0) Gecko/20100101 Firefox/112.0"
::1 - - [04/Apr/2023:10:30:42 +0000] "GET /api/products/find/642565b5511d371f6ef91214 HTTP/1.1" 304 - "http://localhost:3000/" "Mozilla/5.0 (Windows NT 10.0; Win64; x64; rv:109.0) Gecko/20100101 Firefox/112.0"
::1 - - [04/Apr/2023:10:30:42 +0000] "GET /api/products/find/642565b5511d371f6ef9120f HTTP/1.1" 200 228 "http://localhost:3000/" "Mozilla/5.0 (Windows NT 10.0; Win64; x64; rv:109.0) Gecko/20100101 Firefox/112.0"
::1 - - [04/Apr/2023:10:30:42 +0000] "GET /api/products/find/642565b5511d371f6ef91210 HTTP/1.1" 200 209 "http://localhost:3000/" "Mozilla/5.0 (Windows NT 10.0; Win64; x64; rv:109.0) Gecko/20100101 Firefox/112.0"
::1 - - [04/Apr/2023:10:30:42 +0000] "GET /api/products/find/642565b5511d371f6ef91211 HTTP/1.1" 200 240 "http://localhost:3000/" "Mozilla/5.0 (Windows NT 10.0; Win64; x64; rv:109.0) Gecko/20100101 Firefox/112.0"
::1 - - [04/Apr/2023:10:30:42 +0000] "GET /api/products/find/642565b5511d371f6ef91215 HTTP/1.1" 304 - "http://localhost:3000/" "Mozilla/5.0 (Windows NT 10.0; Win64; x64; rv:109.0) Gecko/20100101 Firefox/112.0"
::1 - - [04/Apr/2023:10:30:42 +0000] "GET /api/products/find/642565b5511d371f6ef91212 HTTP/1.1" 304 - "http://localhost:3000/" "Mozilla/5.0 (Windows NT 10.0; Win64; x64; rv:109.0) Gecko/20100101 Firefox/112.0"
::1 - - [04/Apr/2023:10:30:42 +0000] "GET /api/products/find/642565b5511d371f6ef91213 HTTP/1.1" 304 - "http://localhost:3000/" "Mozilla/5.0 (Windows NT 10.0; Win64; x64; rv:109.0) Gecko/20100101 Firefox/112.0"
::1 - - [04/Apr/2023:10:30:42 +0000] "GET /api/products/find/642565b5511d371f6ef91216 HTTP/1.1" 304 - "http://localhost:3000/" "Mozilla/5.0 (Windows NT 10.0; Win64; x64; rv:109.0) Gecko/20100101 Firefox/112.0"
::1 - - [04/Apr/2023:10:30:42 +0000] "GET /api/products/find/642565b5511d371f6ef91217 HTTP/1.1" 304 - "http://localhost:3000/" "Mozilla/5.0 (Windows NT 10.0; Win64; x64; rv:109.0) Gecko/20100101 Firefox/112.0"
::1 - - [04/Apr/2023:10:30:42 +0000] "GET /api/products/find/642565b5511d371f6ef91218 HTTP/1.1" 304 - "http://localhost:3000/" "Mozilla/5.0 (Windows NT 10.0; Win64; x64; rv:109.0) Gecko/20100101 Firefox/112.0"
::1 - - [04/Apr/2023:10:30:42 +0000] "GET /api/products/find/642565b5511d371f6ef91219 HTTP/1.1" 304 - "http://localhost:3000/" "Mozilla/5.0 (Windows NT 10.0; Win64; x64; rv:109.0) Gecko/20100101 Firefox/112.0"
::1 - - [04/Apr/2023:10:30:42 +0000] "GET /api/products/find/642565b5511d371f6ef9121a HTTP/1.1" 304 - "http://localhost:3000/" "Mozilla/5.0 (Windows NT 10.0; Win64; x64; rv:109.0) Gecko/20100101 Firefox/112.0"
::1 - - [04/Apr/2023:10:30:42 +0000] "GET /api/products/find/642565b5511d371f6ef9121b HTTP/1.1" 304 - "http://localhost:3000/" "Mozilla/5.0 (Windows NT 10.0; Win64; x64; rv:109.0) Gecko/20100101 Firefox/112.0"
::1 - - [04/Apr/2023:10:30:42 +0000] "GET /api/products/find/642565b5511d371f6ef9121c HTTP/1.1" 304 - "http://localhost:3000/" "Mozilla/5.0 (Windows NT 10.0; Win64; x64; rv:109.0) Gecko/20100101 Firefox/112.0"
::1 - - [04/Apr/2023:10:30:42 +0000] "GET /api/products/find/642565b5511d371f6ef9121d HTTP/1.1" 304 - "http://localhost:3000/" "Mozilla/5.0 (Windows NT 10.0; Win64; x64; rv:109.0) Gecko/20100101 Firefox/112.0"
::1 - - [04/Apr/2023:10:30:42 +0000] "GET /api/products/find/642565b5511d371f6ef91220 HTTP/1.1" 304 - "http://localhost:3000/" "Mozilla/5.0 (Windows NT 10.0; Win64; x64; rv:109.0) Gecko/20100101 Firefox/112.0"
::1 - - [04/Apr/2023:10:30:42 +0000] "GET /api/products/find/642565b5511d371f6ef91221 HTTP/1.1" 304 - "http://localhost:3000/" "Mozilla/5.0 (Windows NT 10.0; Win64; x64; rv:109.0) Gecko/20100101 Firefox/112.0"
::1 - - [04/Apr/2023:10:30:42 +0000] "GET /api/products/find/642565b5511d371f6ef9121e HTTP/1.1" 200 224 "http://localhost:3000/" "Mozilla/5.0 (Windows NT 10.0; Win64; x64; rv:109.0) Gecko/20100101 Firefox/112.0"
::1 - - [04/Apr/2023:10:30:42 +0000] "GET /api/products/find/642565b5511d371f6ef9121f HTTP/1.1" 304 - "http://localhost:3000/" "Mozilla/5.0 (Windows NT 10.0; Win64; x64; rv:109.0) Gecko/20100101 Firefox/112.0"
::ffff:127.0.0.1 - - [04/Apr/2023:10:36:28 +0000] "GET /api/orders/ HTTP/1.1" 401 28 "http://localhost:5000/api-docs/" "Mozilla/5.0 (Windows NT 10.0; Win64; x64; rv:109.0) Gecko/20100101 Firefox/112.0"
::ffff:127.0.0.1 - - [04/Apr/2023:10:38:51 +0000] "GET /api/orders/ HTTP/1.1" 401 28 "http://localhost:5000/api-docs/" "Mozilla/5.0 (Windows NT 10.0; Win64; x64; rv:109.0) Gecko/20100101 Firefox/112.0"
::1 - - [04/Apr/2023:10:41:30 +0000] "GET /api/products HTTP/1.1" 200 5346 "http://localhost:3000/" "Mozilla/5.0 (Windows NT 10.0; Win64; x64; rv:109.0) Gecko/20100101 Firefox/112.0"
::1 - - [04/Apr/2023:10:41:30 +0000] "GET /api/products/find/642565b5511d371f6ef9120b HTTP/1.1" 304 - "http://localhost:3000/" "Mozilla/5.0 (Windows NT 10.0; Win64; x64; rv:109.0) Gecko/20100101 Firefox/112.0"
::1 - - [04/Apr/2023:10:41:30 +0000] "GET /api/products/find/642565b5511d371f6ef9120c HTTP/1.1" 304 - "http://localhost:3000/" "Mozilla/5.0 (Windows NT 10.0; Win64; x64; rv:109.0) Gecko/20100101 Firefox/112.0"
::1 - - [04/Apr/2023:10:41:30 +0000] "GET /api/products/find/642565b5511d371f6ef9120d HTTP/1.1" 200 189 "http://localhost:3000/" "Mozilla/5.0 (Windows NT 10.0; Win64; x64; rv:109.0) Gecko/20100101 Firefox/112.0"
::1 - - [04/Apr/2023:10:41:30 +0000] "GET /api/products/find/642565b5511d371f6ef9120e HTTP/1.1" 304 - "http://localhost:3000/" "Mozilla/5.0 (Windows NT 10.0; Win64; x64; rv:109.0) Gecko/20100101 Firefox/112.0"
::1 - - [04/Apr/2023:10:41:30 +0000] "GET /api/products/find/642565b5511d371f6ef9120f HTTP/1.1" 304 - "http://localhost:3000/" "Mozilla/5.0 (Windows NT 10.0; Win64; x64; rv:109.0) Gecko/20100101 Firefox/112.0"
::1 - - [04/Apr/2023:10:41:30 +0000] "GET /api/products/find/642565b5511d371f6ef91212 HTTP/1.1" 304 - "http://localhost:3000/" "Mozilla/5.0 (Windows NT 10.0; Win64; x64; rv:109.0) Gecko/20100101 Firefox/112.0"
::1 - - [04/Apr/2023:10:41:30 +0000] "GET /api/products/find/642565b5511d371f6ef91211 HTTP/1.1" 304 - "http://localhost:3000/" "Mozilla/5.0 (Windows NT 10.0; Win64; x64; rv:109.0) Gecko/20100101 Firefox/112.0"
::1 - - [04/Apr/2023:10:41:30 +0000] "GET /api/products/find/642565b5511d371f6ef91210 HTTP/1.1" 200 209 "http://localhost:3000/" "Mozilla/5.0 (Windows NT 10.0; Win64; x64; rv:109.0) Gecko/20100101 Firefox/112.0"
::1 - - [04/Apr/2023:10:41:30 +0000] "GET /api/products/find/642565b5511d371f6ef91213 HTTP/1.1" 304 - "http://localhost:3000/" "Mozilla/5.0 (Windows NT 10.0; Win64; x64; rv:109.0) Gecko/20100101 Firefox/112.0"
::1 - - [04/Apr/2023:10:41:30 +0000] "GET /api/products/find/642565b5511d371f6ef91214 HTTP/1.1" 304 - "http://localhost:3000/" "Mozilla/5.0 (Windows NT 10.0; Win64; x64; rv:109.0) Gecko/20100101 Firefox/112.0"
::1 - - [04/Apr/2023:10:41:30 +0000] "GET /api/products/find/642565b5511d371f6ef91215 HTTP/1.1" 304 - "http://localhost:3000/" "Mozilla/5.0 (Windows NT 10.0; Win64; x64; rv:109.0) Gecko/20100101 Firefox/112.0"
::1 - - [04/Apr/2023:10:41:30 +0000] "GET /api/products/find/642565b5511d371f6ef91216 HTTP/1.1" 304 - "http://localhost:3000/" "Mozilla/5.0 (Windows NT 10.0; Win64; x64; rv:109.0) Gecko/20100101 Firefox/112.0"
::1 - - [04/Apr/2023:10:41:30 +0000] "GET /api/products/find/642565b5511d371f6ef91217 HTTP/1.1" 304 - "http://localhost:3000/" "Mozilla/5.0 (Windows NT 10.0; Win64; x64; rv:109.0) Gecko/20100101 Firefox/112.0"
::1 - - [04/Apr/2023:10:41:30 +0000] "GET /api/products/find/642565b5511d371f6ef91218 HTTP/1.1" 304 - "http://localhost:3000/" "Mozilla/5.0 (Windows NT 10.0; Win64; x64; rv:109.0) Gecko/20100101 Firefox/112.0"
::1 - - [04/Apr/2023:10:41:30 +0000] "GET /api/products/find/642565b5511d371f6ef9121f HTTP/1.1" 304 - "http://localhost:3000/" "Mozilla/5.0 (Windows NT 10.0; Win64; x64; rv:109.0) Gecko/20100101 Firefox/112.0"
::1 - - [04/Apr/2023:10:41:30 +0000] "GET /api/products/find/642565b5511d371f6ef91219 HTTP/1.1" 304 - "http://localhost:3000/" "Mozilla/5.0 (Windows NT 10.0; Win64; x64; rv:109.0) Gecko/20100101 Firefox/112.0"
::1 - - [04/Apr/2023:10:41:30 +0000] "GET /api/products/find/642565b5511d371f6ef9121b HTTP/1.1" 200 197 "http://localhost:3000/" "Mozilla/5.0 (Windows NT 10.0; Win64; x64; rv:109.0) Gecko/20100101 Firefox/112.0"
::1 - - [04/Apr/2023:10:41:30 +0000] "GET /api/products/find/642565b5511d371f6ef9121a HTTP/1.1" 304 - "http://localhost:3000/" "Mozilla/5.0 (Windows NT 10.0; Win64; x64; rv:109.0) Gecko/20100101 Firefox/112.0"
::1 - - [04/Apr/2023:10:41:30 +0000] "GET /api/products/find/642565b5511d371f6ef9121c HTTP/1.1" 304 - "http://localhost:3000/" "Mozilla/5.0 (Windows NT 10.0; Win64; x64; rv:109.0) Gecko/20100101 Firefox/112.0"
::1 - - [04/Apr/2023:10:41:30 +0000] "GET /api/products/find/642565b5511d371f6ef9121d HTTP/1.1" 304 - "http://localhost:3000/" "Mozilla/5.0 (Windows NT 10.0; Win64; x64; rv:109.0) Gecko/20100101 Firefox/112.0"
::1 - - [04/Apr/2023:10:41:30 +0000] "GET /api/products/find/642565b5511d371f6ef9121e HTTP/1.1" 304 - "http://localhost:3000/" "Mozilla/5.0 (Windows NT 10.0; Win64; x64; rv:109.0) Gecko/20100101 Firefox/112.0"
::1 - - [04/Apr/2023:10:41:30 +0000] "GET /api/products/find/642565b5511d371f6ef91220 HTTP/1.1" 304 - "http://localhost:3000/" "Mozilla/5.0 (Windows NT 10.0; Win64; x64; rv:109.0) Gecko/20100101 Firefox/112.0"
::1 - - [04/Apr/2023:10:41:30 +0000] "GET /api/products/find/642565b5511d371f6ef91221 HTTP/1.1" 304 - "http://localhost:3000/" "Mozilla/5.0 (Windows NT 10.0; Win64; x64; rv:109.0) Gecko/20100101 Firefox/112.0"
